<?xml version='1.0' encoding='UTF-8'?>
<testsuite hostname="sjo-mpwqu" name="CategoryEndpointSpec" tests="6" errors="0" failures="3" time="0.703">
                     <properties>
      <property name="jline.esc.timeout" value="0"/><property name="java.runtime.name" value="Java(TM) SE Runtime Environment"/><property name="sun.boot.library.path" value="/Library/Java/JavaVirtualMachines/jdk1.8.0_92.jdk/Contents/Home/jre/lib"/><property name="java.vm.version" value="25.92-b14"/><property name="gopherProxySet" value="false"/><property name="java.vm.vendor" value="Oracle Corporation"/><property name="java.vendor.url" value="http://java.oracle.com/"/><property name="path.separator" value=":"/><property name="java.vm.name" value="Java HotSpot(TM) 64-Bit Server VM"/><property name="file.encoding.pkg" value="sun.io"/><property name="user.country" value="US"/><property name="sun.java.launcher" value="SUN_STANDARD"/><property name="sun.os.patch.level" value="unknown"/><property name="java.vm.specification.name" value="Java Virtual Machine Specification"/><property name="user.dir" value="/Users/mlopezva/Documents/scala-projects/AkkaHTTPBookstore"/><property name="java.runtime.version" value="1.8.0_92-b14"/><property name="java.awt.graphicsenv" value="sun.awt.CGraphicsEnvironment"/><property name="java.endorsed.dirs" value="/Library/Java/JavaVirtualMachines/jdk1.8.0_92.jdk/Contents/Home/jre/lib/endorsed"/><property name="os.arch" value="x86_64"/><property name="java.io.tmpdir" value="/var/folders/dn/d63f1x4s6l9cbv9sf3pxsgqr0015hw/T/"/><property name="line.separator" value="
"/><property name="java.vm.specification.vendor" value="Oracle Corporation"/><property name="os.name" value="Mac OS X"/><property name="sun.jnu.encoding" value="UTF-8"/><property name="java.library.path" value="/Users/mlopezva/Library/Java/Extensions:/Library/Java/Extensions:/Network/Library/Java/Extensions:/System/Library/Java/Extensions:/usr/lib/java:."/><property name="java.specification.name" value="Java Platform API Specification"/><property name="java.class.version" value="52.0"/><property name="sun.management.compiler" value="HotSpot 64-Bit Tiered Compilers"/><property name="os.version" value="10.11.6"/><property name="http.nonProxyHosts" value="local|*.local|169.254/16|*.169.254/16"/><property name="user.home" value="/Users/mlopezva"/><property name="user.timezone" value="America/Costa_Rica"/><property name="java.awt.printerjob" value="sun.lwawt.macosx.CPrinterJob"/><property name="file.encoding" value="UTF-8"/><property name="java.specification.version" value="1.8"/><property name="java.class.path" value="/usr/local/Cellar/sbt/0.13.13/libexec/sbt-launch.jar"/><property name="user.name" value="mlopezva"/><property name="jline.shutdownhook" value="false"/><property name="java.vm.specification.version" value="1.8"/><property name="sun.java.command" value="/usr/local/Cellar/sbt/0.13.13/libexec/sbt-launch.jar test"/><property name="java.home" value="/Library/Java/JavaVirtualMachines/jdk1.8.0_92.jdk/Contents/Home/jre"/><property name="sun.arch.data.model" value="64"/><property name="user.language" value="en"/><property name="java.specification.vendor" value="Oracle Corporation"/><property name="awt.toolkit" value="sun.lwawt.macosx.LWCToolkit"/><property name="java.vm.info" value="mixed mode"/><property name="java.version" value="1.8.0_92"/><property name="java.ext.dirs" value="/Users/mlopezva/Library/Java/Extensions:/Library/Java/JavaVirtualMachines/jdk1.8.0_92.jdk/Contents/Home/jre/lib/ext:/Library/Java/Extensions:/Network/Library/Java/Extensions:/System/Library/Java/Extensions:/usr/lib/java"/><property name="sun.boot.class.path" value="/Library/Java/JavaVirtualMachines/jdk1.8.0_92.jdk/Contents/Home/jre/lib/resources.jar:/Library/Java/JavaVirtualMachines/jdk1.8.0_92.jdk/Contents/Home/jre/lib/rt.jar:/Library/Java/JavaVirtualMachines/jdk1.8.0_92.jdk/Contents/Home/jre/lib/sunrsasign.jar:/Library/Java/JavaVirtualMachines/jdk1.8.0_92.jdk/Contents/Home/jre/lib/jsse.jar:/Library/Java/JavaVirtualMachines/jdk1.8.0_92.jdk/Contents/Home/jre/lib/jce.jar:/Library/Java/JavaVirtualMachines/jdk1.8.0_92.jdk/Contents/Home/jre/lib/charsets.jar:/Library/Java/JavaVirtualMachines/jdk1.8.0_92.jdk/Contents/Home/jre/lib/jfr.jar:/Library/Java/JavaVirtualMachines/jdk1.8.0_92.jdk/Contents/Home/jre/classes"/><property name="java.vendor" value="Oracle Corporation"/><property name="file.separator" value="/"/><property name="java.vendor.url.bug" value="http://bugreport.sun.com/bugreport/"/><property name="sun.io.unicode.encoding" value="UnicodeBig"/><property name="sun.cpu.endian" value="little"/><property name="socksNonProxyHosts" value="local|*.local|169.254/16|*.169.254/16"/><property name="ftp.nonProxyHosts" value="local|*.local|169.254/16|*.169.254/16"/><property name="sun.cpu.isalist" value=""/>
    </properties>
                     <testcase classname="CategoryEndpointSpec" name="A CategoryEndpoint must return an empty list at the beginning" time="0.5">
                                                 <failure message="500 Internal Server Error was not equal to 200 OK" type="org.scalatest.exceptions.TestFailedException">org.scalatest.exceptions.TestFailedException: 500 Internal Server Error was not equal to 200 OK
	at org.scalatest.MatchersHelper$.indicateFailure(MatchersHelper.scala:340)
	at org.scalatest.MustMatchers$AnyMustWrapper.mustBe(MustMatchers.scala:6864)
	at CategoryEndpointSpec$$anonfun$1$$anonfun$apply$mcV$sp$1$$anonfun$apply$1.apply(CategoryEndpointSpec.scala:45)
	at CategoryEndpointSpec$$anonfun$1$$anonfun$apply$mcV$sp$1$$anonfun$apply$1.apply(CategoryEndpointSpec.scala:44)
	at scala.util.DynamicVariable.withValue(DynamicVariable.scala:58)
	at akka.http.scaladsl.testkit.RouteTest$$anonfun$check$1.apply(RouteTest.scala:57)
	at akka.http.scaladsl.testkit.RouteTest$$anonfun$check$1.apply(RouteTest.scala:57)
	at akka.http.scaladsl.testkit.RouteTestResultComponent$RouteTestResult.$tilde$greater(RouteTestResultComponent.scala:51)
	at CategoryEndpointSpec$$anonfun$1$$anonfun$apply$mcV$sp$1.apply(CategoryEndpointSpec.scala:44)
	at CategoryEndpointSpec$$anonfun$1$$anonfun$apply$mcV$sp$1.apply(CategoryEndpointSpec.scala:44)
	at org.scalatest.AsyncWordSpecLike$class.transformToOutcomeParam$1(AsyncWordSpecLike.scala:136)
	at org.scalatest.AsyncWordSpecLike$$anonfun$org$scalatest$AsyncWordSpecLike$$registerTestToRun$2.apply(AsyncWordSpecLike.scala:137)
	at org.scalatest.AsyncWordSpecLike$$anonfun$org$scalatest$AsyncWordSpecLike$$registerTestToRun$2.apply(AsyncWordSpecLike.scala:137)
	at org.scalatest.AsyncTestSuite$$anonfun$transformToOutcome$1.apply(AsyncTestSuite.scala:240)
	at org.scalatest.AsyncTestSuite$$anonfun$transformToOutcome$1.apply(AsyncTestSuite.scala:239)
	at org.scalatest.AsyncWordSpecLike$$anon$1.apply(AsyncWordSpecLike.scala:1063)
	at org.scalatest.AsyncTestSuite$class.withFixture(AsyncTestSuite.scala:313)
	at org.scalatest.AsyncWordSpec.withFixture(AsyncWordSpec.scala:2294)
	at org.scalatest.AsyncWordSpecLike$class.invokeWithAsyncFixture$1(AsyncWordSpecLike.scala:1060)
	at org.scalatest.AsyncWordSpecLike$$anonfun$runTest$1.apply(AsyncWordSpecLike.scala:1074)
	at org.scalatest.AsyncWordSpecLike$$anonfun$runTest$1.apply(AsyncWordSpecLike.scala:1074)
	at org.scalatest.AsyncSuperEngine.runTestImpl(AsyncEngine.scala:292)
	at org.scalatest.AsyncWordSpecLike$class.runTest(AsyncWordSpecLike.scala:1074)
	at org.scalatest.AsyncWordSpec.runTest(AsyncWordSpec.scala:2294)
	at org.scalatest.AsyncWordSpecLike$$anonfun$runTests$1.apply(AsyncWordSpecLike.scala:1133)
	at org.scalatest.AsyncWordSpecLike$$anonfun$runTests$1.apply(AsyncWordSpecLike.scala:1133)
	at org.scalatest.AsyncSuperEngine$$anonfun$traverseSubNodes$1$1.apply(AsyncEngine.scala:434)
	at org.scalatest.AsyncSuperEngine$$anonfun$traverseSubNodes$1$1.apply(AsyncEngine.scala:419)
	at scala.collection.LinearSeqOptimized$class.foldLeft(LinearSeqOptimized.scala:124)
	at scala.collection.immutable.List.foldLeft(List.scala:84)
	at org.scalatest.AsyncSuperEngine.traverseSubNodes$1(AsyncEngine.scala:419)
	at org.scalatest.AsyncSuperEngine.org$scalatest$AsyncSuperEngine$$runTestsInBranch(AsyncEngine.scala:475)
	at org.scalatest.AsyncSuperEngine$$anonfun$traverseSubNodes$1$1.apply(AsyncEngine.scala:460)
	at org.scalatest.AsyncSuperEngine$$anonfun$traverseSubNodes$1$1.apply(AsyncEngine.scala:419)
	at scala.collection.LinearSeqOptimized$class.foldLeft(LinearSeqOptimized.scala:124)
	at scala.collection.immutable.List.foldLeft(List.scala:84)
	at org.scalatest.AsyncSuperEngine.traverseSubNodes$1(AsyncEngine.scala:419)
	at org.scalatest.AsyncSuperEngine.org$scalatest$AsyncSuperEngine$$runTestsInBranch(AsyncEngine.scala:483)
	at org.scalatest.AsyncSuperEngine.runTestsImpl(AsyncEngine.scala:550)
	at org.scalatest.AsyncWordSpecLike$class.runTests(AsyncWordSpecLike.scala:1133)
	at org.scalatest.AsyncWordSpec.runTests(AsyncWordSpec.scala:2294)
	at org.scalatest.Suite$class.run(Suite.scala:1147)
	at org.scalatest.AsyncWordSpec.org$scalatest$AsyncWordSpecLike$$super$run(AsyncWordSpec.scala:2294)
	at org.scalatest.AsyncWordSpecLike$$anonfun$run$1.apply(AsyncWordSpecLike.scala:1178)
	at org.scalatest.AsyncWordSpecLike$$anonfun$run$1.apply(AsyncWordSpecLike.scala:1178)
	at org.scalatest.AsyncSuperEngine.runImpl(AsyncEngine.scala:620)
	at org.scalatest.AsyncWordSpecLike$class.run(AsyncWordSpecLike.scala:1178)
	at CategoryEndpointSpec.org$scalatest$BeforeAndAfterAll$$super$run(CategoryEndpointSpec.scala:10)
	at org.scalatest.BeforeAndAfterAll$class.liftedTree1$1(BeforeAndAfterAll.scala:213)
	at org.scalatest.BeforeAndAfterAll$class.run(BeforeAndAfterAll.scala:210)
	at CategoryEndpointSpec.run(CategoryEndpointSpec.scala:10)
	at org.scalatest.tools.Framework.org$scalatest$tools$Framework$$runSuite(Framework.scala:314)
	at org.scalatest.tools.Framework$ScalaTestTask.execute(Framework.scala:480)
	at sbt.TestRunner.runTest$1(TestFramework.scala:76)
	at sbt.TestRunner.run(TestFramework.scala:85)
	at sbt.TestFramework$$anon$2$$anonfun$$init$$1$$anonfun$apply$8.apply(TestFramework.scala:202)
	at sbt.TestFramework$$anon$2$$anonfun$$init$$1$$anonfun$apply$8.apply(TestFramework.scala:202)
	at sbt.TestFramework$.sbt$TestFramework$$withContextLoader(TestFramework.scala:185)
	at sbt.TestFramework$$anon$2$$anonfun$$init$$1.apply(TestFramework.scala:202)
	at sbt.TestFramework$$anon$2$$anonfun$$init$$1.apply(TestFramework.scala:202)
	at sbt.TestFunction.apply(TestFramework.scala:207)
	at sbt.Tests$$anonfun$9.apply(Tests.scala:216)
	at sbt.Tests$$anonfun$9.apply(Tests.scala:216)
	at sbt.std.Transform$$anon$3$$anonfun$apply$2.apply(System.scala:44)
	at sbt.std.Transform$$anon$3$$anonfun$apply$2.apply(System.scala:44)
	at sbt.std.Transform$$anon$4.work(System.scala:63)
	at sbt.Execute$$anonfun$submit$1$$anonfun$apply$1.apply(Execute.scala:226)
	at sbt.Execute$$anonfun$submit$1$$anonfun$apply$1.apply(Execute.scala:226)
	at sbt.ErrorHandling$.wideConvert(ErrorHandling.scala:17)
	at sbt.Execute.work(Execute.scala:235)
	at sbt.Execute$$anonfun$submit$1.apply(Execute.scala:226)
	at sbt.Execute$$anonfun$submit$1.apply(Execute.scala:226)
	at sbt.ConcurrentRestrictions$$anon$4$$anonfun$1.apply(ConcurrentRestrictions.scala:159)
	at sbt.CompletionService$$anon$2.call(CompletionService.scala:28)
	at java.util.concurrent.FutureTask.run(FutureTask.java:266)
	at java.util.concurrent.Executors$RunnableAdapter.call(Executors.java:511)
	at java.util.concurrent.FutureTask.run(FutureTask.java:266)
	at java.util.concurrent.ThreadPoolExecutor.runWorker(ThreadPoolExecutor.java:1142)
	at java.util.concurrent.ThreadPoolExecutor$Worker.run(ThreadPoolExecutor.java:617)
	at java.lang.Thread.run(Thread.java:745)
</failure>
                                               </testcase><testcase classname="CategoryEndpointSpec" name="A CategoryEndpoint must return all the categories when there is at least one" time="0.104">
                                                 
                                               </testcase><testcase classname="CategoryEndpointSpec" name="A CategoryEndpoint must return BadRequest with repeated titles" time="0.053">
                                                 
                                               </testcase><testcase classname="CategoryEndpointSpec" name="A CategoryEndpoint must create a category" time="0.024">
                                                 
                                               </testcase><testcase classname="CategoryEndpointSpec" name="A CategoryEndpoint must return NotFound when we try to delete a non existent category" time="0.015">
                                                 <failure message="500 Internal Server Error was not equal to 404 Not Found" type="org.scalatest.exceptions.TestFailedException">org.scalatest.exceptions.TestFailedException: 500 Internal Server Error was not equal to 404 Not Found
	at org.scalatest.MatchersHelper$.indicateFailure(MatchersHelper.scala:340)
	at org.scalatest.MustMatchers$AnyMustWrapper.mustBe(MustMatchers.scala:6864)
	at CategoryEndpointSpec$$anonfun$1$$anonfun$apply$mcV$sp$5$$anonfun$apply$7.apply(CategoryEndpointSpec.scala:93)
	at CategoryEndpointSpec$$anonfun$1$$anonfun$apply$mcV$sp$5$$anonfun$apply$7.apply(CategoryEndpointSpec.scala:93)
	at scala.util.DynamicVariable.withValue(DynamicVariable.scala:58)
	at akka.http.scaladsl.testkit.RouteTest$$anonfun$check$1.apply(RouteTest.scala:57)
	at akka.http.scaladsl.testkit.RouteTest$$anonfun$check$1.apply(RouteTest.scala:57)
	at akka.http.scaladsl.testkit.RouteTestResultComponent$RouteTestResult.$tilde$greater(RouteTestResultComponent.scala:51)
	at CategoryEndpointSpec$$anonfun$1$$anonfun$apply$mcV$sp$5.apply(CategoryEndpointSpec.scala:92)
	at CategoryEndpointSpec$$anonfun$1$$anonfun$apply$mcV$sp$5.apply(CategoryEndpointSpec.scala:92)
	at org.scalatest.AsyncWordSpecLike$class.transformToOutcomeParam$1(AsyncWordSpecLike.scala:136)
	at org.scalatest.AsyncWordSpecLike$$anonfun$org$scalatest$AsyncWordSpecLike$$registerTestToRun$2.apply(AsyncWordSpecLike.scala:137)
	at org.scalatest.AsyncWordSpecLike$$anonfun$org$scalatest$AsyncWordSpecLike$$registerTestToRun$2.apply(AsyncWordSpecLike.scala:137)
	at org.scalatest.AsyncTestSuite$$anonfun$transformToOutcome$1.apply(AsyncTestSuite.scala:240)
	at org.scalatest.AsyncTestSuite$$anonfun$transformToOutcome$1.apply(AsyncTestSuite.scala:239)
	at org.scalatest.AsyncWordSpecLike$$anon$1.apply(AsyncWordSpecLike.scala:1063)
	at org.scalatest.AsyncTestSuite$class.withFixture(AsyncTestSuite.scala:313)
	at org.scalatest.AsyncWordSpec.withFixture(AsyncWordSpec.scala:2294)
	at org.scalatest.AsyncWordSpecLike$class.invokeWithAsyncFixture$1(AsyncWordSpecLike.scala:1060)
	at org.scalatest.AsyncWordSpecLike$$anonfun$runTest$1.apply(AsyncWordSpecLike.scala:1074)
	at org.scalatest.AsyncWordSpecLike$$anonfun$runTest$1.apply(AsyncWordSpecLike.scala:1074)
	at org.scalatest.AsyncSuperEngine.runTestImpl(AsyncEngine.scala:292)
	at org.scalatest.AsyncWordSpecLike$class.runTest(AsyncWordSpecLike.scala:1074)
	at org.scalatest.AsyncWordSpec.runTest(AsyncWordSpec.scala:2294)
	at org.scalatest.AsyncWordSpecLike$$anonfun$runTests$1.apply(AsyncWordSpecLike.scala:1133)
	at org.scalatest.AsyncWordSpecLike$$anonfun$runTests$1.apply(AsyncWordSpecLike.scala:1133)
	at org.scalatest.AsyncSuperEngine$$anonfun$traverseSubNodes$1$1$$anonfun$apply$2.apply(AsyncEngine.scala:437)
	at org.scalatest.AsyncSuperEngine$$anonfun$traverseSubNodes$1$1$$anonfun$apply$2.apply(AsyncEngine.scala:437)
	at org.scalatest.Status$$anonfun$thenRun$1.apply(Status.scala:225)
	at org.scalatest.Status$$anonfun$thenRun$1.apply(Status.scala:223)
	at org.scalatest.ScalaTestStatefulStatus.whenCompleted(Status.scala:607)
	at org.scalatest.Status$class.thenRun(Status.scala:223)
	at org.scalatest.ScalaTestStatefulStatus.thenRun(Status.scala:503)
	at org.scalatest.AsyncSuperEngine$$anonfun$traverseSubNodes$1$1.apply(AsyncEngine.scala:437)
	at org.scalatest.AsyncSuperEngine$$anonfun$traverseSubNodes$1$1.apply(AsyncEngine.scala:419)
	at scala.collection.LinearSeqOptimized$class.foldLeft(LinearSeqOptimized.scala:124)
	at scala.collection.immutable.List.foldLeft(List.scala:84)
	at org.scalatest.AsyncSuperEngine.traverseSubNodes$1(AsyncEngine.scala:419)
	at org.scalatest.AsyncSuperEngine.org$scalatest$AsyncSuperEngine$$runTestsInBranch(AsyncEngine.scala:475)
	at org.scalatest.AsyncSuperEngine$$anonfun$traverseSubNodes$1$1.apply(AsyncEngine.scala:460)
	at org.scalatest.AsyncSuperEngine$$anonfun$traverseSubNodes$1$1.apply(AsyncEngine.scala:419)
	at scala.collection.LinearSeqOptimized$class.foldLeft(LinearSeqOptimized.scala:124)
	at scala.collection.immutable.List.foldLeft(List.scala:84)
	at org.scalatest.AsyncSuperEngine.traverseSubNodes$1(AsyncEngine.scala:419)
	at org.scalatest.AsyncSuperEngine.org$scalatest$AsyncSuperEngine$$runTestsInBranch(AsyncEngine.scala:483)
	at org.scalatest.AsyncSuperEngine.runTestsImpl(AsyncEngine.scala:550)
	at org.scalatest.AsyncWordSpecLike$class.runTests(AsyncWordSpecLike.scala:1133)
	at org.scalatest.AsyncWordSpec.runTests(AsyncWordSpec.scala:2294)
	at org.scalatest.Suite$class.run(Suite.scala:1147)
	at org.scalatest.AsyncWordSpec.org$scalatest$AsyncWordSpecLike$$super$run(AsyncWordSpec.scala:2294)
	at org.scalatest.AsyncWordSpecLike$$anonfun$run$1.apply(AsyncWordSpecLike.scala:1178)
	at org.scalatest.AsyncWordSpecLike$$anonfun$run$1.apply(AsyncWordSpecLike.scala:1178)
	at org.scalatest.AsyncSuperEngine.runImpl(AsyncEngine.scala:620)
	at org.scalatest.AsyncWordSpecLike$class.run(AsyncWordSpecLike.scala:1178)
	at CategoryEndpointSpec.org$scalatest$BeforeAndAfterAll$$super$run(CategoryEndpointSpec.scala:10)
	at org.scalatest.BeforeAndAfterAll$class.liftedTree1$1(BeforeAndAfterAll.scala:213)
	at org.scalatest.BeforeAndAfterAll$class.run(BeforeAndAfterAll.scala:210)
	at CategoryEndpointSpec.run(CategoryEndpointSpec.scala:10)
	at org.scalatest.tools.Framework.org$scalatest$tools$Framework$$runSuite(Framework.scala:314)
	at org.scalatest.tools.Framework$ScalaTestTask.execute(Framework.scala:480)
	at sbt.TestRunner.runTest$1(TestFramework.scala:76)
	at sbt.TestRunner.run(TestFramework.scala:85)
	at sbt.TestFramework$$anon$2$$anonfun$$init$$1$$anonfun$apply$8.apply(TestFramework.scala:202)
	at sbt.TestFramework$$anon$2$$anonfun$$init$$1$$anonfun$apply$8.apply(TestFramework.scala:202)
	at sbt.TestFramework$.sbt$TestFramework$$withContextLoader(TestFramework.scala:185)
	at sbt.TestFramework$$anon$2$$anonfun$$init$$1.apply(TestFramework.scala:202)
	at sbt.TestFramework$$anon$2$$anonfun$$init$$1.apply(TestFramework.scala:202)
	at sbt.TestFunction.apply(TestFramework.scala:207)
	at sbt.Tests$$anonfun$9.apply(Tests.scala:216)
	at sbt.Tests$$anonfun$9.apply(Tests.scala:216)
	at sbt.std.Transform$$anon$3$$anonfun$apply$2.apply(System.scala:44)
	at sbt.std.Transform$$anon$3$$anonfun$apply$2.apply(System.scala:44)
	at sbt.std.Transform$$anon$4.work(System.scala:63)
	at sbt.Execute$$anonfun$submit$1$$anonfun$apply$1.apply(Execute.scala:226)
	at sbt.Execute$$anonfun$submit$1$$anonfun$apply$1.apply(Execute.scala:226)
	at sbt.ErrorHandling$.wideConvert(ErrorHandling.scala:17)
	at sbt.Execute.work(Execute.scala:235)
	at sbt.Execute$$anonfun$submit$1.apply(Execute.scala:226)
	at sbt.Execute$$anonfun$submit$1.apply(Execute.scala:226)
	at sbt.ConcurrentRestrictions$$anon$4$$anonfun$1.apply(ConcurrentRestrictions.scala:159)
	at sbt.CompletionService$$anon$2.call(CompletionService.scala:28)
	at java.util.concurrent.FutureTask.run(FutureTask.java:266)
	at java.util.concurrent.Executors$RunnableAdapter.call(Executors.java:511)
	at java.util.concurrent.FutureTask.run(FutureTask.java:266)
	at java.util.concurrent.ThreadPoolExecutor.runWorker(ThreadPoolExecutor.java:1142)
	at java.util.concurrent.ThreadPoolExecutor$Worker.run(ThreadPoolExecutor.java:617)
	at java.lang.Thread.run(Thread.java:745)
</failure>
                                               </testcase><testcase classname="CategoryEndpointSpec" name="A CategoryEndpoint must return NoContent when we delete an existent category" time="0.007">
                                                 <failure message="ERROR: relation &quot;categories&quot; does not exist
  Position: 13" type="org.postgresql.util.PSQLException">org.postgresql.util.PSQLException: ERROR: relation &quot;categories&quot; does not exist
  Position: 13
	at org.postgresql.core.v3.QueryExecutorImpl.receiveErrorResponse(QueryExecutorImpl.java:2270)
	at org.postgresql.core.v3.QueryExecutorImpl.processResults(QueryExecutorImpl.java:1998)
	at org.postgresql.core.v3.QueryExecutorImpl.execute(QueryExecutorImpl.java:255)
	at org.postgresql.jdbc2.AbstractJdbc2Statement.execute(AbstractJdbc2Statement.java:570)
	at org.postgresql.jdbc2.AbstractJdbc2Statement.executeWithFlags(AbstractJdbc2Statement.java:420)
	at org.postgresql.jdbc2.AbstractJdbc2Statement.executeUpdate(AbstractJdbc2Statement.java:366)
	at slick.driver.JdbcActionComponent$InsertActionComposerImpl$SingleInsertAction$$anonfun$run$7.apply(JdbcActionComponent.scala:507)
	at slick.driver.JdbcActionComponent$InsertActionComposerImpl$SingleInsertAction$$anonfun$run$7.apply(JdbcActionComponent.scala:504)
	at slick.jdbc.JdbcBackend$SessionDef$class.withPreparedInsertStatement(JdbcBackend.scala:354)
	at slick.jdbc.JdbcBackend$BaseSession.withPreparedInsertStatement(JdbcBackend.scala:407)
	at slick.driver.JdbcActionComponent$ReturningInsertActionComposerImpl.preparedInsert(JdbcActionComponent.scala:636)
	at slick.driver.JdbcActionComponent$InsertActionComposerImpl$SingleInsertAction.run(JdbcActionComponent.scala:504)
	at slick.driver.JdbcActionComponent$SimpleJdbcDriverAction.run(JdbcActionComponent.scala:32)
	at slick.driver.JdbcActionComponent$SimpleJdbcDriverAction.run(JdbcActionComponent.scala:29)
	at slick.backend.DatabaseComponent$DatabaseDef$$anon$2.liftedTree1$1(DatabaseComponent.scala:237)
	at slick.backend.DatabaseComponent$DatabaseDef$$anon$2.run(DatabaseComponent.scala:237)
	at java.util.concurrent.ThreadPoolExecutor.runWorker(ThreadPoolExecutor.java:1142)
	at java.util.concurrent.ThreadPoolExecutor$Worker.run(ThreadPoolExecutor.java:617)
	at java.lang.Thread.run(Thread.java:745)
</failure>
                                               </testcase>
                     <system-out></system-out>
                     <system-err></system-err>
                   </testsuite>