<?xml version='1.0' encoding='UTF-8'?>
<testsuite hostname="sjo-mpwqu" name="repositories.CategoryRepositorySpec" tests="5" errors="0" failures="5" time="0.384">
                     <properties>
[...]
</properties>
                     <testcase classname="repositories.CategoryRepositorySpec" name="A CategoryRepository must be empty at the beginning" time="0.337">
                                                 <failure message="2 was not equal to 0" type="org.scalatest.exceptions.TestFailedException">org.scalatest.exceptions.TestFailedException: 2 was not equal to 0
	at org.scalatest.MatchersHelper$.indicateFailure(MatchersHelper.scala:340)
	at org.scalatest.MustMatchers$AnyMustWrapper.mustBe(MustMatchers.scala:6864)
	at repositories.CategoryRepositorySpec$$anonfun$1$$anonfun$apply$mcV$sp$1$$anonfun$apply$1.apply(CategoryRepositorySpec.scala:49)
	at repositories.CategoryRepositorySpec$$anonfun$1$$anonfun$apply$mcV$sp$1$$anonfun$apply$1.apply(CategoryRepositorySpec.scala:49)
	at scala.util.Success$$anonfun$map$1.apply(Try.scala:237)
	at scala.util.Try$.apply(Try.scala:192)
	at scala.util.Success.map(Try.scala:237)
	at scala.concurrent.Future$$anonfun$map$1.apply(Future.scala:237)
	at scala.concurrent.Future$$anonfun$map$1.apply(Future.scala:237)
	at scala.concurrent.impl.CallbackRunnable.run(Promise.scala:32)
	at scala.concurrent.impl.ExecutionContextImpl$AdaptedForkJoinTask.exec(ExecutionContextImpl.scala:121)
	at scala.concurrent.forkjoin.ForkJoinTask.doExec(ForkJoinTask.java:260)
	at scala.concurrent.forkjoin.ForkJoinPool$WorkQueue.runTask(ForkJoinPool.java:1339)
	at scala.concurrent.forkjoin.ForkJoinPool.runWorker(ForkJoinPool.java:1979)
	at scala.concurrent.forkjoin.ForkJoinWorkerThread.run(ForkJoinWorkerThread.java:107)
</failure>
                                               </testcase><testcase classname="repositories.CategoryRepositorySpec" name="A CategoryRepository must create valid categories" time="0.006">
                                                 <failure message="ERROR: relation &quot;categories&quot; does not exist
  Position: 13" type="org.postgresql.util.PSQLException">org.postgresql.util.PSQLException: ERROR: relation &quot;categories&quot; does not exist
  Position: 13
	at org.postgresql.core.v3.QueryExecutorImpl.receiveErrorResponse(QueryExecutorImpl.java:2270)
	at org.postgresql.core.v3.QueryExecutorImpl.processResults(QueryExecutorImpl.java:1998)
	at org.postgresql.core.v3.QueryExecutorImpl.execute(QueryExecutorImpl.java:255)
	at org.postgresql.jdbc2.AbstractJdbc2Statement.execute(AbstractJdbc2Statement.java:570)
	at org.postgresql.jdbc2.AbstractJdbc2Statement.executeWithFlags(AbstractJdbc2Statement.java:420)
	at org.postgresql.jdbc2.AbstractJdbc2Statement.executeUpdate(AbstractJdbc2Statement.java:366)
	at slick.driver.JdbcActionComponent$InsertActionComposerImpl$SingleInsertAction$$anonfun$run$7.apply(JdbcActionComponent.scala:507)
	at slick.driver.JdbcActionComponent$InsertActionComposerImpl$SingleInsertAction$$anonfun$run$7.apply(JdbcActionComponent.scala:504)
	at slick.jdbc.JdbcBackend$SessionDef$class.withPreparedInsertStatement(JdbcBackend.scala:354)
	at slick.jdbc.JdbcBackend$BaseSession.withPreparedInsertStatement(JdbcBackend.scala:407)
	at slick.driver.JdbcActionComponent$ReturningInsertActionComposerImpl.preparedInsert(JdbcActionComponent.scala:636)
	at slick.driver.JdbcActionComponent$InsertActionComposerImpl$SingleInsertAction.run(JdbcActionComponent.scala:504)
	at slick.driver.JdbcActionComponent$SimpleJdbcDriverAction.run(JdbcActionComponent.scala:32)
	at slick.driver.JdbcActionComponent$SimpleJdbcDriverAction.run(JdbcActionComponent.scala:29)
	at slick.backend.DatabaseComponent$DatabaseDef$$anon$2.liftedTree1$1(DatabaseComponent.scala:237)
	at slick.backend.DatabaseComponent$DatabaseDef$$anon$2.run(DatabaseComponent.scala:237)
	at java.util.concurrent.ThreadPoolExecutor.runWorker(ThreadPoolExecutor.java:1142)
	at java.util.concurrent.ThreadPoolExecutor$Worker.run(ThreadPoolExecutor.java:617)
	at java.lang.Thread.run(Thread.java:745)
</failure>
                                               </testcase><testcase classname="repositories.CategoryRepositorySpec" name="A CategoryRepository must not find a category by title if it doesn't exist" time="0.031">
                                                 <failure message="ERROR: relation &quot;categories&quot; does not exist
  Position: 27" type="org.postgresql.util.PSQLException">org.postgresql.util.PSQLException: ERROR: relation &quot;categories&quot; does not exist
  Position: 27
	at org.postgresql.core.v3.QueryExecutorImpl.receiveErrorResponse(QueryExecutorImpl.java:2270)
	at org.postgresql.core.v3.QueryExecutorImpl.processResults(QueryExecutorImpl.java:1998)
	at org.postgresql.core.v3.QueryExecutorImpl.execute(QueryExecutorImpl.java:255)
	at org.postgresql.jdbc2.AbstractJdbc2Statement.execute(AbstractJdbc2Statement.java:570)
	at org.postgresql.jdbc2.AbstractJdbc2Statement.executeWithFlags(AbstractJdbc2Statement.java:420)
	at org.postgresql.jdbc2.AbstractJdbc2Statement.execute(AbstractJdbc2Statement.java:413)
	at slick.jdbc.StatementInvoker.results(StatementInvoker.scala:39)
	at slick.jdbc.StatementInvoker.iteratorTo(StatementInvoker.scala:22)
	at slick.jdbc.Invoker$class.foreach(Invoker.scala:48)
	at slick.jdbc.StatementInvoker.foreach(StatementInvoker.scala:16)
	at slick.jdbc.Invoker$class.firstOption(Invoker.scala:24)
	at slick.jdbc.StatementInvoker.firstOption(StatementInvoker.scala:16)
	at slick.jdbc.StreamingInvokerAction$HeadOptionAction.run(StreamingInvokerAction.scala:57)
	at slick.jdbc.StreamingInvokerAction$HeadOptionAction.run(StreamingInvokerAction.scala:56)
	at slick.backend.DatabaseComponent$DatabaseDef$$anon$2.liftedTree1$1(DatabaseComponent.scala:237)
	at slick.backend.DatabaseComponent$DatabaseDef$$anon$2.run(DatabaseComponent.scala:237)
	at java.util.concurrent.ThreadPoolExecutor.runWorker(ThreadPoolExecutor.java:1142)
	at java.util.concurrent.ThreadPoolExecutor$Worker.run(ThreadPoolExecutor.java:617)
	at java.lang.Thread.run(Thread.java:745)
</failure>
                                               </testcase><testcase classname="repositories.CategoryRepositorySpec" name="A CategoryRepository must find a category by title if it exists" time="0.006">
                                                 <failure message="ERROR: relation &quot;categories&quot; does not exist
  Position: 13" type="org.postgresql.util.PSQLException">org.postgresql.util.PSQLException: ERROR: relation &quot;categories&quot; does not exist
  Position: 13
	at org.postgresql.core.v3.QueryExecutorImpl.receiveErrorResponse(QueryExecutorImpl.java:2270)
	at org.postgresql.core.v3.QueryExecutorImpl.processResults(QueryExecutorImpl.java:1998)
	at org.postgresql.core.v3.QueryExecutorImpl.execute(QueryExecutorImpl.java:255)
	at org.postgresql.jdbc2.AbstractJdbc2Statement.execute(AbstractJdbc2Statement.java:570)
	at org.postgresql.jdbc2.AbstractJdbc2Statement.executeWithFlags(AbstractJdbc2Statement.java:420)
	at org.postgresql.jdbc2.AbstractJdbc2Statement.executeUpdate(AbstractJdbc2Statement.java:366)
	at slick.driver.JdbcActionComponent$InsertActionComposerImpl$SingleInsertAction$$anonfun$run$7.apply(JdbcActionComponent.scala:507)
	at slick.driver.JdbcActionComponent$InsertActionComposerImpl$SingleInsertAction$$anonfun$run$7.apply(JdbcActionComponent.scala:504)
	at slick.jdbc.JdbcBackend$SessionDef$class.withPreparedInsertStatement(JdbcBackend.scala:354)
	at slick.jdbc.JdbcBackend$BaseSession.withPreparedInsertStatement(JdbcBackend.scala:407)
	at slick.driver.JdbcActionComponent$ReturningInsertActionComposerImpl.preparedInsert(JdbcActionComponent.scala:636)
	at slick.driver.JdbcActionComponent$InsertActionComposerImpl$SingleInsertAction.run(JdbcActionComponent.scala:504)
	at slick.driver.JdbcActionComponent$SimpleJdbcDriverAction.run(JdbcActionComponent.scala:32)
	at slick.driver.JdbcActionComponent$SimpleJdbcDriverAction.run(JdbcActionComponent.scala:29)
	at slick.backend.DatabaseComponent$DatabaseDef$$anon$2.liftedTree1$1(DatabaseComponent.scala:237)
	at slick.backend.DatabaseComponent$DatabaseDef$$anon$2.run(DatabaseComponent.scala:237)
	at java.util.concurrent.ThreadPoolExecutor.runWorker(ThreadPoolExecutor.java:1142)
	at java.util.concurrent.ThreadPoolExecutor$Worker.run(ThreadPoolExecutor.java:617)
	at java.lang.Thread.run(Thread.java:745)
</failure>
                                               </testcase><testcase classname="repositories.CategoryRepositorySpec" name="A CategoryRepository must delete a category by id if it exists" time="0.004">
                                                 <failure message="ERROR: relation &quot;categories&quot; does not exist
  Position: 13" type="org.postgresql.util.PSQLException">org.postgresql.util.PSQLException: ERROR: relation &quot;categories&quot; does not exist
  Position: 13
	at org.postgresql.core.v3.QueryExecutorImpl.receiveErrorResponse(QueryExecutorImpl.java:2270)
	at org.postgresql.core.v3.QueryExecutorImpl.processResults(QueryExecutorImpl.java:1998)
	at org.postgresql.core.v3.QueryExecutorImpl.execute(QueryExecutorImpl.java:255)
	at org.postgresql.jdbc2.AbstractJdbc2Statement.execute(AbstractJdbc2Statement.java:570)
	at org.postgresql.jdbc2.AbstractJdbc2Statement.executeWithFlags(AbstractJdbc2Statement.java:420)
	at org.postgresql.jdbc2.AbstractJdbc2Statement.executeUpdate(AbstractJdbc2Statement.java:366)
	at slick.driver.JdbcActionComponent$InsertActionComposerImpl$SingleInsertAction$$anonfun$run$7.apply(JdbcActionComponent.scala:507)
	at slick.driver.JdbcActionComponent$InsertActionComposerImpl$SingleInsertAction$$anonfun$run$7.apply(JdbcActionComponent.scala:504)
	at slick.jdbc.JdbcBackend$SessionDef$class.withPreparedInsertStatement(JdbcBackend.scala:354)
	at slick.jdbc.JdbcBackend$BaseSession.withPreparedInsertStatement(JdbcBackend.scala:407)
	at slick.driver.JdbcActionComponent$ReturningInsertActionComposerImpl.preparedInsert(JdbcActionComponent.scala:636)
	at slick.driver.JdbcActionComponent$InsertActionComposerImpl$SingleInsertAction.run(JdbcActionComponent.scala:504)
	at slick.driver.JdbcActionComponent$SimpleJdbcDriverAction.run(JdbcActionComponent.scala:32)
	at slick.driver.JdbcActionComponent$SimpleJdbcDriverAction.run(JdbcActionComponent.scala:29)
	at slick.backend.DatabaseComponent$DatabaseDef$$anon$2.liftedTree1$1(DatabaseComponent.scala:237)
	at slick.backend.DatabaseComponent$DatabaseDef$$anon$2.run(DatabaseComponent.scala:237)
	at java.util.concurrent.ThreadPoolExecutor.runWorker(ThreadPoolExecutor.java:1142)
	at java.util.concurrent.ThreadPoolExecutor$Worker.run(ThreadPoolExecutor.java:617)
	at java.lang.Thread.run(Thread.java:745)
</failure>
                                               </testcase>
                     <system-out></system-out>
                     <system-err></system-err>
                   </testsuite>