<?xml version='1.0' encoding='UTF-8'?>
<testsuite hostname="sjo-mpwqu" name="repositories.BookRepositorySpec" tests="5" errors="0" failures="5" time="0.495">
                     <properties>
[...]
</properties>
                     <testcase classname="repositories.BookRepositorySpec" name="A BookRepository must be empty at the beginning" time="0.433">
                                                 <failure message="ERROR: relation &quot;books&quot; does not exist
  Position: 80" type="org.postgresql.util.PSQLException">org.postgresql.util.PSQLException: ERROR: relation &quot;books&quot; does not exist
  Position: 80
	at org.postgresql.core.v3.QueryExecutorImpl.receiveErrorResponse(QueryExecutorImpl.java:2270)
	at org.postgresql.core.v3.QueryExecutorImpl.processResults(QueryExecutorImpl.java:1998)
	at org.postgresql.core.v3.QueryExecutorImpl.execute(QueryExecutorImpl.java:255)
	at org.postgresql.jdbc2.AbstractJdbc2Statement.execute(AbstractJdbc2Statement.java:570)
	at org.postgresql.jdbc2.AbstractJdbc2Statement.executeWithFlags(AbstractJdbc2Statement.java:420)
	at org.postgresql.jdbc2.AbstractJdbc2Statement.execute(AbstractJdbc2Statement.java:413)
	at slick.jdbc.StatementInvoker.results(StatementInvoker.scala:39)
	at slick.jdbc.StatementInvoker.iteratorTo(StatementInvoker.scala:22)
	at slick.jdbc.Invoker$class.foreach(Invoker.scala:48)
	at slick.jdbc.StatementInvoker.foreach(StatementInvoker.scala:16)
	at slick.jdbc.StreamingInvokerAction$class.run(StreamingInvokerAction.scala:22)
	at slick.driver.JdbcActionComponent$QueryActionExtensionMethodsImpl$$anon$1.run(JdbcActionComponent.scala:218)
	at slick.driver.JdbcActionComponent$QueryActionExtensionMethodsImpl$$anon$1.run(JdbcActionComponent.scala:218)
	at slick.backend.DatabaseComponent$DatabaseDef$$anon$2.liftedTree1$1(DatabaseComponent.scala:237)
	at slick.backend.DatabaseComponent$DatabaseDef$$anon$2.run(DatabaseComponent.scala:237)
	at java.util.concurrent.ThreadPoolExecutor.runWorker(ThreadPoolExecutor.java:1142)
	at java.util.concurrent.ThreadPoolExecutor$Worker.run(ThreadPoolExecutor.java:617)
	at java.lang.Thread.run(Thread.java:745)
</failure>
                                               </testcase><testcase classname="repositories.BookRepositorySpec" name="A BookRepository must create valid books" time="0.012">
                                                 <failure message="ERROR: relation &quot;categories&quot; does not exist
  Position: 13" type="org.postgresql.util.PSQLException">org.postgresql.util.PSQLException: ERROR: relation &quot;categories&quot; does not exist
  Position: 13
	at org.postgresql.core.v3.QueryExecutorImpl.receiveErrorResponse(QueryExecutorImpl.java:2270)
	at org.postgresql.core.v3.QueryExecutorImpl.processResults(QueryExecutorImpl.java:1998)
	at org.postgresql.core.v3.QueryExecutorImpl.execute(QueryExecutorImpl.java:255)
	at org.postgresql.jdbc2.AbstractJdbc2Statement.execute(AbstractJdbc2Statement.java:570)
	at org.postgresql.jdbc2.AbstractJdbc2Statement.executeWithFlags(AbstractJdbc2Statement.java:420)
	at org.postgresql.jdbc2.AbstractJdbc2Statement.executeUpdate(AbstractJdbc2Statement.java:366)
	at slick.driver.JdbcActionComponent$InsertActionComposerImpl$SingleInsertAction$$anonfun$run$7.apply(JdbcActionComponent.scala:507)
	at slick.driver.JdbcActionComponent$InsertActionComposerImpl$SingleInsertAction$$anonfun$run$7.apply(JdbcActionComponent.scala:504)
	at slick.jdbc.JdbcBackend$SessionDef$class.withPreparedInsertStatement(JdbcBackend.scala:354)
	at slick.jdbc.JdbcBackend$BaseSession.withPreparedInsertStatement(JdbcBackend.scala:407)
	at slick.driver.JdbcActionComponent$ReturningInsertActionComposerImpl.preparedInsert(JdbcActionComponent.scala:636)
	at slick.driver.JdbcActionComponent$InsertActionComposerImpl$SingleInsertAction.run(JdbcActionComponent.scala:504)
	at slick.driver.JdbcActionComponent$SimpleJdbcDriverAction.run(JdbcActionComponent.scala:32)
	at slick.driver.JdbcActionComponent$SimpleJdbcDriverAction.run(JdbcActionComponent.scala:29)
	at slick.backend.DatabaseComponent$DatabaseDef$$anon$2.liftedTree1$1(DatabaseComponent.scala:237)
	at slick.backend.DatabaseComponent$DatabaseDef$$anon$2.run(DatabaseComponent.scala:237)
	at java.util.concurrent.ThreadPoolExecutor.runWorker(ThreadPoolExecutor.java:1142)
	at java.util.concurrent.ThreadPoolExecutor$Worker.run(ThreadPoolExecutor.java:617)
	at java.lang.Thread.run(Thread.java:745)
</failure>
                                               </testcase><testcase classname="repositories.BookRepositorySpec" name="A BookRepository must not find a non-existent book" time="0.037">
                                                 <failure message="ERROR: relation &quot;books&quot; does not exist
  Position: 80" type="org.postgresql.util.PSQLException">org.postgresql.util.PSQLException: ERROR: relation &quot;books&quot; does not exist
  Position: 80
	at org.postgresql.core.v3.QueryExecutorImpl.receiveErrorResponse(QueryExecutorImpl.java:2270)
	at org.postgresql.core.v3.QueryExecutorImpl.processResults(QueryExecutorImpl.java:1998)
	at org.postgresql.core.v3.QueryExecutorImpl.execute(QueryExecutorImpl.java:255)
	at org.postgresql.jdbc2.AbstractJdbc2Statement.execute(AbstractJdbc2Statement.java:570)
	at org.postgresql.jdbc2.AbstractJdbc2Statement.executeWithFlags(AbstractJdbc2Statement.java:420)
	at org.postgresql.jdbc2.AbstractJdbc2Statement.execute(AbstractJdbc2Statement.java:413)
	at slick.jdbc.StatementInvoker.results(StatementInvoker.scala:39)
	at slick.jdbc.StatementInvoker.iteratorTo(StatementInvoker.scala:22)
	at slick.jdbc.Invoker$class.foreach(Invoker.scala:48)
	at slick.jdbc.StatementInvoker.foreach(StatementInvoker.scala:16)
	at slick.jdbc.Invoker$class.firstOption(Invoker.scala:24)
	at slick.jdbc.StatementInvoker.firstOption(StatementInvoker.scala:16)
	at slick.jdbc.StreamingInvokerAction$HeadOptionAction.run(StreamingInvokerAction.scala:57)
	at slick.jdbc.StreamingInvokerAction$HeadOptionAction.run(StreamingInvokerAction.scala:56)
	at slick.backend.DatabaseComponent$DatabaseDef$$anon$2.liftedTree1$1(DatabaseComponent.scala:237)
	at slick.backend.DatabaseComponent$DatabaseDef$$anon$2.run(DatabaseComponent.scala:237)
	at java.util.concurrent.ThreadPoolExecutor.runWorker(ThreadPoolExecutor.java:1142)
	at java.util.concurrent.ThreadPoolExecutor$Worker.run(ThreadPoolExecutor.java:617)
	at java.lang.Thread.run(Thread.java:745)
</failure>
                                               </testcase><testcase classname="repositories.BookRepositorySpec" name="A BookRepository must find an existing book" time="0.006">
                                                 <failure message="ERROR: relation &quot;categories&quot; does not exist
  Position: 13" type="org.postgresql.util.PSQLException">org.postgresql.util.PSQLException: ERROR: relation &quot;categories&quot; does not exist
  Position: 13
	at org.postgresql.core.v3.QueryExecutorImpl.receiveErrorResponse(QueryExecutorImpl.java:2270)
	at org.postgresql.core.v3.QueryExecutorImpl.processResults(QueryExecutorImpl.java:1998)
	at org.postgresql.core.v3.QueryExecutorImpl.execute(QueryExecutorImpl.java:255)
	at org.postgresql.jdbc2.AbstractJdbc2Statement.execute(AbstractJdbc2Statement.java:570)
	at org.postgresql.jdbc2.AbstractJdbc2Statement.executeWithFlags(AbstractJdbc2Statement.java:420)
	at org.postgresql.jdbc2.AbstractJdbc2Statement.executeUpdate(AbstractJdbc2Statement.java:366)
	at slick.driver.JdbcActionComponent$InsertActionComposerImpl$SingleInsertAction$$anonfun$run$7.apply(JdbcActionComponent.scala:507)
	at slick.driver.JdbcActionComponent$InsertActionComposerImpl$SingleInsertAction$$anonfun$run$7.apply(JdbcActionComponent.scala:504)
	at slick.jdbc.JdbcBackend$SessionDef$class.withPreparedInsertStatement(JdbcBackend.scala:354)
	at slick.jdbc.JdbcBackend$BaseSession.withPreparedInsertStatement(JdbcBackend.scala:407)
	at slick.driver.JdbcActionComponent$ReturningInsertActionComposerImpl.preparedInsert(JdbcActionComponent.scala:636)
	at slick.driver.JdbcActionComponent$InsertActionComposerImpl$SingleInsertAction.run(JdbcActionComponent.scala:504)
	at slick.driver.JdbcActionComponent$SimpleJdbcDriverAction.run(JdbcActionComponent.scala:32)
	at slick.driver.JdbcActionComponent$SimpleJdbcDriverAction.run(JdbcActionComponent.scala:29)
	at slick.backend.DatabaseComponent$DatabaseDef$$anon$2.liftedTree1$1(DatabaseComponent.scala:237)
	at slick.backend.DatabaseComponent$DatabaseDef$$anon$2.run(DatabaseComponent.scala:237)
	at java.util.concurrent.ThreadPoolExecutor.runWorker(ThreadPoolExecutor.java:1142)
	at java.util.concurrent.ThreadPoolExecutor$Worker.run(ThreadPoolExecutor.java:617)
	at java.lang.Thread.run(Thread.java:745)
</failure>
                                               </testcase><testcase classname="repositories.BookRepositorySpec" name="A BookRepository must delete a book by id if it exists" time="0.007">
                                                 <failure message="ERROR: relation &quot;categories&quot; does not exist
  Position: 13" type="org.postgresql.util.PSQLException">org.postgresql.util.PSQLException: ERROR: relation &quot;categories&quot; does not exist
  Position: 13
	at org.postgresql.core.v3.QueryExecutorImpl.receiveErrorResponse(QueryExecutorImpl.java:2270)
	at org.postgresql.core.v3.QueryExecutorImpl.processResults(QueryExecutorImpl.java:1998)
	at org.postgresql.core.v3.QueryExecutorImpl.execute(QueryExecutorImpl.java:255)
	at org.postgresql.jdbc2.AbstractJdbc2Statement.execute(AbstractJdbc2Statement.java:570)
	at org.postgresql.jdbc2.AbstractJdbc2Statement.executeWithFlags(AbstractJdbc2Statement.java:420)
	at org.postgresql.jdbc2.AbstractJdbc2Statement.executeUpdate(AbstractJdbc2Statement.java:366)
	at slick.driver.JdbcActionComponent$InsertActionComposerImpl$SingleInsertAction$$anonfun$run$7.apply(JdbcActionComponent.scala:507)
	at slick.driver.JdbcActionComponent$InsertActionComposerImpl$SingleInsertAction$$anonfun$run$7.apply(JdbcActionComponent.scala:504)
	at slick.jdbc.JdbcBackend$SessionDef$class.withPreparedInsertStatement(JdbcBackend.scala:354)
	at slick.jdbc.JdbcBackend$BaseSession.withPreparedInsertStatement(JdbcBackend.scala:407)
	at slick.driver.JdbcActionComponent$ReturningInsertActionComposerImpl.preparedInsert(JdbcActionComponent.scala:636)
	at slick.driver.JdbcActionComponent$InsertActionComposerImpl$SingleInsertAction.run(JdbcActionComponent.scala:504)
	at slick.driver.JdbcActionComponent$SimpleJdbcDriverAction.run(JdbcActionComponent.scala:32)
	at slick.driver.JdbcActionComponent$SimpleJdbcDriverAction.run(JdbcActionComponent.scala:29)
	at slick.backend.DatabaseComponent$DatabaseDef$$anon$2.liftedTree1$1(DatabaseComponent.scala:237)
	at slick.backend.DatabaseComponent$DatabaseDef$$anon$2.run(DatabaseComponent.scala:237)
	at java.util.concurrent.ThreadPoolExecutor.runWorker(ThreadPoolExecutor.java:1142)
	at java.util.concurrent.ThreadPoolExecutor$Worker.run(ThreadPoolExecutor.java:617)
	at java.lang.Thread.run(Thread.java:745)
</failure>
                                               </testcase>
                     <system-out></system-out>
                     <system-err></system-err>
                   </testsuite>