<?xml version='1.0' encoding='UTF-8'?>
<testsuite hostname="sjo-mpwqu" name="repositories.BookRepositorySpec" tests="1" errors="1" failures="0" time="0.613">
                     <properties>
[...]
</properties>
                     <testcase classname="repositories.BookRepositorySpec" name="(It is not a test)" time="0.613">
                                                 <error message="
Script failed
-------------
SQL State  : 23505
Error Code : 0
Message    : ERROR: duplicate key value violates unique constraint &quot;pg_type_typname_nsp_index&quot;
  Detail: Key (typname, typnamespace)=(schema_version, 2200) already exists.
Line       : 17
Statement  : CREATE TABLE &quot;public&quot;.&quot;schema_version&quot; (
    &quot;version_rank&quot; INT NOT NULL,
    &quot;installed_rank&quot; INT NOT NULL,
    &quot;version&quot; VARCHAR(50) NOT NULL,
    &quot;description&quot; VARCHAR(200) NOT NULL,
    &quot;type&quot; VARCHAR(20) NOT NULL,
    &quot;script&quot; VARCHAR(1000) NOT NULL,
    &quot;checksum&quot; INTEGER,
    &quot;installed_by&quot; VARCHAR(100) NOT NULL,
    &quot;installed_on&quot; TIMESTAMP NOT NULL DEFAULT now(),
    &quot;execution_time&quot; INTEGER NOT NULL,
    &quot;success&quot; BOOLEAN NOT NULL
) WITH (
  OIDS=FALSE
)
" type="org.flywaydb.core.internal.dbsupport.FlywaySqlScriptException">org.flywaydb.core.internal.dbsupport.FlywaySqlScriptException: 
Script failed
-------------
SQL State  : 23505
Error Code : 0
Message    : ERROR: duplicate key value violates unique constraint &quot;pg_type_typname_nsp_index&quot;
  Detail: Key (typname, typnamespace)=(schema_version, 2200) already exists.
Line       : 17
Statement  : CREATE TABLE &quot;public&quot;.&quot;schema_version&quot; (
    &quot;version_rank&quot; INT NOT NULL,
    &quot;installed_rank&quot; INT NOT NULL,
    &quot;version&quot; VARCHAR(50) NOT NULL,
    &quot;description&quot; VARCHAR(200) NOT NULL,
    &quot;type&quot; VARCHAR(20) NOT NULL,
    &quot;script&quot; VARCHAR(1000) NOT NULL,
    &quot;checksum&quot; INTEGER,
    &quot;installed_by&quot; VARCHAR(100) NOT NULL,
    &quot;installed_on&quot; TIMESTAMP NOT NULL DEFAULT now(),
    &quot;execution_time&quot; INTEGER NOT NULL,
    &quot;success&quot; BOOLEAN NOT NULL
) WITH (
  OIDS=FALSE
)

	at org.flywaydb.core.internal.dbsupport.SqlScript.execute(SqlScript.java:117)
	at org.flywaydb.core.internal.metadatatable.MetaDataTableImpl.createIfNotExists(MetaDataTableImpl.java:93)
	at org.flywaydb.core.internal.metadatatable.MetaDataTableImpl.lock(MetaDataTableImpl.java:100)
	at org.flywaydb.core.internal.command.DbMigrate$2.doInTransaction(DbMigrate.java:158)
	at org.flywaydb.core.internal.command.DbMigrate$2.doInTransaction(DbMigrate.java:156)
	at org.flywaydb.core.internal.util.jdbc.TransactionTemplate.execute(TransactionTemplate.java:72)
	at org.flywaydb.core.internal.command.DbMigrate.migrate(DbMigrate.java:156)
	at org.flywaydb.core.Flyway$1.execute(Flyway.java:1059)
	at org.flywaydb.core.Flyway$1.execute(Flyway.java:1006)
	at org.flywaydb.core.Flyway.execute(Flyway.java:1418)
	at org.flywaydb.core.Flyway.migrate(Flyway.java:1006)
	at services.FlywayService.migrateDatabase(FlywayService.scala:11)
	at repositories.BookRepositorySpec.beforeAll(BookRepositorySpec.scala:36)
	at org.scalatest.BeforeAndAfterAll$class.liftedTree1$1(BeforeAndAfterAll.scala:212)
	at org.scalatest.BeforeAndAfterAll$class.run(BeforeAndAfterAll.scala:210)
	at repositories.BookRepositorySpec.run(BookRepositorySpec.scala:9)
	at org.scalatest.tools.Framework.org$scalatest$tools$Framework$$runSuite(Framework.scala:314)
	at org.scalatest.tools.Framework$ScalaTestTask.execute(Framework.scala:480)
	at sbt.TestRunner.runTest$1(TestFramework.scala:76)
	at sbt.TestRunner.run(TestFramework.scala:85)
	at sbt.TestFramework$$anon$2$$anonfun$$init$$1$$anonfun$apply$8.apply(TestFramework.scala:202)
	at sbt.TestFramework$$anon$2$$anonfun$$init$$1$$anonfun$apply$8.apply(TestFramework.scala:202)
	at sbt.TestFramework$.sbt$TestFramework$$withContextLoader(TestFramework.scala:185)
	at sbt.TestFramework$$anon$2$$anonfun$$init$$1.apply(TestFramework.scala:202)
	at sbt.TestFramework$$anon$2$$anonfun$$init$$1.apply(TestFramework.scala:202)
	at sbt.TestFunction.apply(TestFramework.scala:207)
	at sbt.Tests$$anonfun$9.apply(Tests.scala:216)
	at sbt.Tests$$anonfun$9.apply(Tests.scala:216)
	at sbt.std.Transform$$anon$3$$anonfun$apply$2.apply(System.scala:44)
	at sbt.std.Transform$$anon$3$$anonfun$apply$2.apply(System.scala:44)
	at sbt.std.Transform$$anon$4.work(System.scala:63)
	at sbt.Execute$$anonfun$submit$1$$anonfun$apply$1.apply(Execute.scala:226)
	at sbt.Execute$$anonfun$submit$1$$anonfun$apply$1.apply(Execute.scala:226)
	at sbt.ErrorHandling$.wideConvert(ErrorHandling.scala:17)
	at sbt.Execute.work(Execute.scala:235)
	at sbt.Execute$$anonfun$submit$1.apply(Execute.scala:226)
	at sbt.Execute$$anonfun$submit$1.apply(Execute.scala:226)
	at sbt.ConcurrentRestrictions$$anon$4$$anonfun$1.apply(ConcurrentRestrictions.scala:159)
	at sbt.CompletionService$$anon$2.call(CompletionService.scala:28)
	at java.util.concurrent.FutureTask.run(FutureTask.java:266)
	at java.util.concurrent.Executors$RunnableAdapter.call(Executors.java:511)
	at java.util.concurrent.FutureTask.run(FutureTask.java:266)
	at java.util.concurrent.ThreadPoolExecutor.runWorker(ThreadPoolExecutor.java:1142)
	at java.util.concurrent.ThreadPoolExecutor$Worker.run(ThreadPoolExecutor.java:617)
	at java.lang.Thread.run(Thread.java:745)
Caused by: org.postgresql.util.PSQLException: ERROR: duplicate key value violates unique constraint &quot;pg_type_typname_nsp_index&quot;
  Detail: Key (typname, typnamespace)=(schema_version, 2200) already exists.
	at org.postgresql.core.v3.QueryExecutorImpl.receiveErrorResponse(QueryExecutorImpl.java:2270)
	at org.postgresql.core.v3.QueryExecutorImpl.processResults(QueryExecutorImpl.java:1998)
	at org.postgresql.core.v3.QueryExecutorImpl.execute(QueryExecutorImpl.java:255)
	at org.postgresql.jdbc2.AbstractJdbc2Statement.execute(AbstractJdbc2Statement.java:570)
	at org.postgresql.jdbc2.AbstractJdbc2Statement.executeWithFlags(AbstractJdbc2Statement.java:406)
	at org.postgresql.jdbc2.AbstractJdbc2Statement.execute(AbstractJdbc2Statement.java:398)
	at org.flywaydb.core.internal.dbsupport.JdbcTemplate.executeStatement(JdbcTemplate.java:238)
	at org.flywaydb.core.internal.dbsupport.SqlScript.execute(SqlScript.java:114)
	... 44 more
</error>
                                               </testcase>
                     <system-out></system-out>
                     <system-err></system-err>
                   </testsuite>