[0m[[0mdebug[0m] [0mRunning TaskDef(repositories.CategoryRepositorySpec, org.scalatest.tools.Framework$$anon$1@1fe96868, false, [SuiteSelector])[0m
[0m[[0mdebug[0m] [0mRunning TaskDef(BookEndpointSpec, org.scalatest.tools.Framework$$anon$1@1fe96868, false, [SuiteSelector])[0m
[0m[[0mdebug[0m] [0mRunning TaskDef(CategoryEndpointSpec, org.scalatest.tools.Framework$$anon$1@1fe96868, false, [SuiteSelector])[0m
[0m[[0mdebug[0m] [0mRunning TaskDef(repositories.BookRepositorySpec, org.scalatest.tools.Framework$$anon$1@1fe96868, false, [SuiteSelector])[0m
[0m[[0mdebug[0m] [0mRunning TaskDef(repositories.BookSearchSpec, org.scalatest.tools.Framework$$anon$1@1fe96868, false, [SuiteSelector])[0m
[0m[[0minfo[0m] [0m[36mRun completed in 2 seconds, 583 milliseconds.[0m[0m
[0m[[0minfo[0m] [0m[36mTotal number of tests run: 9[0m[0m
[0m[[0minfo[0m] [0m[36mSuites: completed 2, aborted 3[0m[0m
[0m[[0minfo[0m] [0m[36mTests: succeeded 0, failed 9, canceled 0, ignored 0, pending 0[0m[0m
[0m[[0minfo[0m] [0m[31m*** 3 SUITES ABORTED ***[0m[0m
[0m[[0minfo[0m] [0m[31m*** 9 TESTS FAILED ***[0m[0m
[0m[[31merror[0m] [0mFailed tests:[0m
[0m[[31merror[0m] [0m	repositories.BookRepositorySpec[0m
[0m[[31merror[0m] [0m	BookEndpointSpec[0m
[0m[[31merror[0m] [0mError during tests:[0m
[0m[[31merror[0m] [0m	CategoryEndpointSpec[0m
[0m[[31merror[0m] [0m	repositories.CategoryRepositorySpec[0m
[0m[[31merror[0m] [0m	repositories.BookSearchSpec[0m
[0m[[31merror[0m] [0m(test:[31mtest[0m) sbt.TestsFailedException: Tests unsuccessful[0m
